<?xml version="1.0" encoding="UTF-8"?>
<!-- Generated by org.testng.reporters.JUnitReportReporter -->
<testsuite hostname="PC0HLLN2" name="com.maven.test.testscripts.Testcase01" tests="1" failures="0" timestamp="20 Mar 2018 13:47:07 GMT" time="6.972" errors="0">
  <testcase name="Logintest" time="6.972" classname="com.maven.test.testscripts.Testcase01"/>
</testsuite> <!-- com.maven.test.testscripts.Testcase01 -->
