<?xml version="1.0" encoding="UTF-8"?>
<!-- Generated by org.testng.reporters.JUnitReportReporter -->
<testsuite hostname="PC0HLLN2" name="com.maven.test.testscripts.Testcase01" tests="1" failures="0" timestamp="16 Feb 2018 14:12:28 GMT" time="12.769" errors="0">
  <testcase name="Logintest" time="12.769" classname="com.maven.test.testscripts.Testcase01"/>
</testsuite> <!-- com.maven.test.testscripts.Testcase01 -->
