<?xml version="1.0" encoding="UTF-8"?>
<!-- Generated by org.testng.reporters.JUnitReportReporter -->
<testsuite hostname="PC0HLLN2" name="com.maven.test.testscripts.Testcase01" tests="1" failures="0" timestamp="2 Jan 2018 12:46:21 GMT" time="71.059" errors="0">
  <testcase name="Logintest" time="71.059" classname="com.maven.test.testscripts.Testcase01"/>
</testsuite> <!-- com.maven.test.testscripts.Testcase01 -->
