<?xml version="1.0" encoding="UTF-8"?>
<!-- Generated by org.testng.reporters.JUnitReportReporter -->
<testsuite hostname="PC0HLLN2" name="com.maven.test.testscripts.Testcase02" tests="1" failures="0" timestamp="2 Jan 2018 12:46:21 GMT" time="28.278" errors="0">
  <testcase name="LandingPage" time="28.278" classname="com.maven.test.testscripts.Testcase02"/>
</testsuite> <!-- com.maven.test.testscripts.Testcase02 -->
